Determining if the pthread_create exist failed with the following output:
Change Dir: /home/zxd/caffe/cmake-build-debug/CMakeFiles/CMakeTmp

Run Build Command:"/usr/bin/make" "cmTC_e4fa8/fast"
/usr/bin/make -f CMakeFiles/cmTC_e4fa8.dir/build.make CMakeFiles/cmTC_e4fa8.dir/build
make[1]: Entering directory '/home/zxd/caffe/cmake-build-debug/CMakeFiles/CMakeTmp'
Building C object CMakeFiles/cmTC_e4fa8.dir/CheckSymbolExists.c.o
/usr/bin/cc     -o CMakeFiles/cmTC_e4fa8.dir/CheckSymbolExists.c.o   -c /home/zxd/caffe/cmake-build-debug/CMakeFiles/CMakeTmp/CheckSymbolExists.c
Linking C executable cmTC_e4fa8
/home/zxd/software/clion-2016.3.2/bin/cmake/bin/cmake -E cmake_link_script CMakeFiles/cmTC_e4fa8.dir/link.txt --verbose=1
/usr/bin/cc       CMakeFiles/cmTC_e4fa8.dir/CheckSymbolExists.c.o  -o cmTC_e4fa8 -rdynamic 
CMakeFiles/cmTC_e4fa8.dir/CheckSymbolExists.c.o: In function `main':
CheckSymbolExists.c:(.text+0x16): undefined reference to `pthread_create'
collect2: error: ld returned 1 exit status
CMakeFiles/cmTC_e4fa8.dir/build.make:97: recipe for target 'cmTC_e4fa8' failed
make[1]: *** [cmTC_e4fa8] Error 1
make[1]: Leaving directory '/home/zxd/caffe/cmake-build-debug/CMakeFiles/CMakeTmp'
Makefile:126: recipe for target 'cmTC_e4fa8/fast' failed
make: *** [cmTC_e4fa8/fast] Error 2

File /home/zxd/caffe/cmake-build-debug/CMakeFiles/CMakeTmp/CheckSymbolExists.c:
/* */
#include <pthread.h>

int main(int argc, char** argv)
{
  (void)argv;
#ifndef pthread_create
  return ((int*)(&pthread_create))[argc];
#else
  (void)argc;
  return 0;
#endif
}

Determining if the function pthread_create exists in the pthreads failed with the following output:
Change Dir: /home/zxd/caffe/cmake-build-debug/CMakeFiles/CMakeTmp

Run Build Command:"/usr/bin/make" "cmTC_f9a1c/fast"
/usr/bin/make -f CMakeFiles/cmTC_f9a1c.dir/build.make CMakeFiles/cmTC_f9a1c.dir/build
make[1]: Entering directory '/home/zxd/caffe/cmake-build-debug/CMakeFiles/CMakeTmp'
Building C object CMakeFiles/cmTC_f9a1c.dir/CheckFunctionExists.c.o
/usr/bin/cc    -DCHECK_FUNCTION_EXISTS=pthread_create   -o CMakeFiles/cmTC_f9a1c.dir/CheckFunctionExists.c.o   -c /home/zxd/software/clion-2016.3.2/bin/cmake/share/cmake-3.6/Modules/CheckFunctionExists.c
Linking C executable cmTC_f9a1c
/home/zxd/software/clion-2016.3.2/bin/cmake/bin/cmake -E cmake_link_script CMakeFiles/cmTC_f9a1c.dir/link.txt --verbose=1
/usr/bin/cc   -DCHECK_FUNCTION_EXISTS=pthread_create    CMakeFiles/cmTC_f9a1c.dir/CheckFunctionExists.c.o  -o cmTC_f9a1c -rdynamic -lpthreads 
/usr/bin/ld: cannot find -lpthreads
collect2: error: ld returned 1 exit status
CMakeFiles/cmTC_f9a1c.dir/build.make:97: recipe for target 'cmTC_f9a1c' failed
make[1]: *** [cmTC_f9a1c] Error 1
make[1]: Leaving directory '/home/zxd/caffe/cmake-build-debug/CMakeFiles/CMakeTmp'
Makefile:126: recipe for target 'cmTC_f9a1c/fast' failed
make: *** [cmTC_f9a1c/fast] Error 2


